 
****************************************
Report : area
Design : KnightsTour
Version: V-2023.12-SP5
Date   : Fri Dec  6 19:43:04 2024
****************************************

Information: Updating design information... (UID-85)
Library(s) Used:

    saed32lvt_tt0p85v25c (File: /cae/apps/data/saed32_edk-2022/lib/stdcell_lvt/db_nldm/saed32lvt_tt0p85v25c.db)

Number of ports:                           19
Number of nets:                          4777
Number of cells:                         3877
Number of combinational cells:           2992
Number of sequential cells:               879
Number of macros/black boxes:               0
Number of buf/inv:                        627
Number of references:                      55

Combinational area:               7662.695774
Buf/Inv area:                     1033.603677
Noncombinational area:            6233.135857
Macro/Black Box area:                0.000000
Net Interconnect area:            3357.286985

Total cell area:                 13895.831630
Total area:                      17253.118615
1
