 
****************************************
Report : area
Design : KnightsTour
Version: V-2023.12-SP5
Date   : Mon Dec  9 21:32:25 2024
****************************************

Information: Updating design information... (UID-85)
Library(s) Used:

    saed32lvt_tt0p85v25c (File: /cae/apps/data/saed32_edk-2022/lib/stdcell_lvt/db_nldm/saed32lvt_tt0p85v25c.db)

Number of ports:                           19
Number of nets:                          4792
Number of cells:                         3891
Number of combinational cells:           3006
Number of sequential cells:               879
Number of macros/black boxes:               0
Number of buf/inv:                        633
Number of references:                      55

Combinational area:               7687.856030
Buf/Inv area:                     1047.835742
Noncombinational area:            6233.135857
Macro/Black Box area:                0.000000
Net Interconnect area:            3358.441443

Total cell area:                 13920.991887
Total area:                      17279.433330
1
