 
****************************************
Report : timing
        -path full
        -delay min
        -max_paths 1
Design : KnightsTour
Version: V-2023.12-SP5
Date   : Fri Dec  6 18:20:13 2024
****************************************

Operating Conditions: tt0p85v25c   Library: saed32lvt_tt0p85v25c
Wire Load Model Mode: enclosed

  Startpoint: iWRAP/iUART0/iRX/rdy_reg
              (rising edge-triggered flip-flop clocked by clk)
  Endpoint: iWRAP/cmd_rdy_reg
            (rising edge-triggered flip-flop clocked by clk)
  Path Group: clk
  Path Type: min

  Des/Clust/Port     Wire Load Model       Library
  ------------------------------------------------
  KnightsTour        16000                 saed32lvt_tt0p85v25c

  Point                                                   Incr       Path
  --------------------------------------------------------------------------
  clock clk (rise edge)                                   0.00       0.00
  clock network delay (ideal)                             0.00       0.00
  iWRAP/iUART0/iRX/rdy_reg/CLK (DFFARX1_LVT)              0.00       0.00 r
  iWRAP/iUART0/iRX/rdy_reg/QN (DFFARX1_LVT)               0.05       0.05 f
  U3218/Y (INVX0_LVT)                                     0.02       0.08 r
  U3219/Y (INVX0_LVT)                                     0.02       0.10 f
  U994/Y (AO22X1_LVT)                                     0.04       0.13 f
  iWRAP/cmd_rdy_reg/D (DFFARX1_LVT)                       0.01       0.14 f
  data arrival time                                                  0.14

  clock clk (rise edge)                                   0.00       0.00
  clock network delay (ideal)                             0.00       0.00
  clock uncertainty                                       0.15       0.15
  iWRAP/cmd_rdy_reg/CLK (DFFARX1_LVT)                     0.00       0.15 r
  library hold time                                      -0.01       0.14
  data required time                                                 0.14
  --------------------------------------------------------------------------
  data required time                                                 0.14
  data arrival time                                                 -0.14
  --------------------------------------------------------------------------
  slack (MET)                                                        0.00


1
